{"timestamp":"2025-05-26 13:00:35","logger_name":"com.example.timesheet.TimesheetApplication","thread_name":"restartedMain","level":"INFO","message":"Starting TimesheetApplication using Java 17.0.14 with PID 15828 (C:\\Users\\GauravShenoy\\Documents\\Timesheet\\build\\classes\\java\\main started by GauravShenoy in C:\\Users\\GauravShenoy\\Documents\\Timesheet)"}
{"timestamp":"2025-05-26 13:00:35","logger_name":"com.example.timesheet.TimesheetApplication","thread_name":"restartedMain","level":"INFO","message":"No active profile set, falling back to 1 default profile: \"default\""}
{"timestamp":"2025-05-26 13:00:35","logger_name":"org.springframework.boot.devtools.env.DevToolsPropertyDefaultsPostProcessor","thread_name":"restartedMain","level":"INFO","message":"Devtools property defaults active! Set 'spring.devtools.add-properties' to 'false' to disable"}
{"timestamp":"2025-05-26 13:00:35","logger_name":"org.springframework.boot.devtools.env.DevToolsPropertyDefaultsPostProcessor","thread_name":"restartedMain","level":"INFO","message":"For additional web related logging consider setting the 'logging.level.web' property to 'DEBUG'"}
{"timestamp":"2025-05-26 13:00:36","logger_name":"org.springframework.data.repository.config.RepositoryConfigurationDelegate","thread_name":"restartedMain","level":"INFO","message":"Bootstrapping Spring Data JPA repositories in DEFAULT mode."}
{"timestamp":"2025-05-26 13:00:36","logger_name":"org.springframework.data.repository.config.RepositoryConfigurationDelegate","thread_name":"restartedMain","level":"INFO","message":"Finished Spring Data repository scanning in 87 ms. Found 7 JPA repository interfaces."}
{"timestamp":"2025-05-26 13:00:36","logger_name":"org.springframework.cloud.context.scope.GenericScope","thread_name":"restartedMain","level":"INFO","message":"BeanFactory id=f0cb98b9-c664-389c-abc3-c7d5aa9dfeaa"}
{"timestamp":"2025-05-26 13:00:37","logger_name":"org.springframework.boot.web.embedded.tomcat.TomcatWebServer","thread_name":"restartedMain","level":"INFO","message":"Tomcat initialized with port 8098 (http)"}
{"timestamp":"2025-05-26 13:00:37","logger_name":"org.apache.coyote.http11.Http11NioProtocol","thread_name":"restartedMain","level":"INFO","message":"Initializing ProtocolHandler [\"http-nio-8098\"]"}
{"timestamp":"2025-05-26 13:00:37","logger_name":"org.apache.catalina.core.StandardService","thread_name":"restartedMain","level":"INFO","message":"Starting service [Tomcat]"}
{"timestamp":"2025-05-26 13:00:37","logger_name":"org.apache.catalina.core.StandardEngine","thread_name":"restartedMain","level":"INFO","message":"Starting Servlet engine: [Apache Tomcat/10.1.39]"}
{"timestamp":"2025-05-26 13:00:37","logger_name":"org.apache.catalina.core.ContainerBase.[Tomcat].[localhost].[/]","thread_name":"restartedMain","level":"INFO","message":"Initializing Spring embedded WebApplicationContext"}
{"timestamp":"2025-05-26 13:00:37","logger_name":"org.springframework.boot.web.servlet.context.ServletWebServerApplicationContext","thread_name":"restartedMain","level":"INFO","message":"Root WebApplicationContext: initialization completed in 2734 ms"}
{"timestamp":"2025-05-26 13:00:38","logger_name":"org.springframework.orm.jpa.persistenceunit.SpringPersistenceUnitInfo","thread_name":"restartedMain","level":"INFO","message":"No LoadTimeWeaver setup: ignoring JPA class transformer"}
{"timestamp":"2025-05-26 13:00:38","logger_name":"com.zaxxer.hikari.HikariDataSource","thread_name":"restartedMain","level":"INFO","message":"HikariPool-1 - Starting..."}
{"timestamp":"2025-05-26 13:00:39","logger_name":"com.zaxxer.hikari.pool.HikariPool","thread_name":"restartedMain","level":"INFO","message":"HikariPool-1 - Added connection org.postgresql.jdbc.PgConnection@29db3094"}
{"timestamp":"2025-05-26 13:00:39","logger_name":"com.zaxxer.hikari.HikariDataSource","thread_name":"restartedMain","level":"INFO","message":"HikariPool-1 - Start completed."}
{"timestamp":"2025-05-26 13:00:42","logger_name":"org.springframework.orm.jpa.LocalContainerEntityManagerFactoryBean","thread_name":"restartedMain","level":"INFO","message":"Initialized JPA EntityManagerFactory for persistence unit 'default'"}
{"timestamp":"2025-05-26 13:00:43","logger_name":"org.springframework.boot.devtools.autoconfigure.OptionalLiveReloadServer","thread_name":"restartedMain","level":"INFO","message":"LiveReload server is running on port 35729"}
{"timestamp":"2025-05-26 13:00:43","logger_name":"org.springframework.data.jpa.repository.query.QueryEnhancerFactory","thread_name":"restartedMain","level":"INFO","message":"Hibernate is in classpath; If applicable, HQL parser will be used."}
{"timestamp":"2025-05-26 13:00:45","logger_name":"org.apache.coyote.http11.Http11NioProtocol","thread_name":"restartedMain","level":"INFO","message":"Starting ProtocolHandler [\"http-nio-8098\"]"}
{"timestamp":"2025-05-26 13:00:45","logger_name":"org.springframework.boot.web.embedded.tomcat.TomcatWebServer","thread_name":"restartedMain","level":"INFO","message":"Tomcat started on port 8098 (http) with context path '/'"}
{"timestamp":"2025-05-26 13:00:46","logger_name":"com.example.timesheet.TimesheetApplication","thread_name":"restartedMain","level":"INFO","message":"Started TimesheetApplication in 12.041 seconds (process running for 14.645)"}
{"timestamp":"2025-05-26 13:00:56","logger_name":"org.apache.catalina.core.ContainerBase.[Tomcat].[localhost].[/]","thread_name":"http-nio-8098-exec-1","level":"INFO","message":"Initializing Spring DispatcherServlet 'dispatcherServlet'"}
{"timestamp":"2025-05-26 13:00:56","logger_name":"org.springframework.web.servlet.DispatcherServlet","thread_name":"http-nio-8098-exec-1","level":"INFO","message":"Initializing Servlet 'dispatcherServlet'"}
{"timestamp":"2025-05-26 13:00:56","logger_name":"org.springframework.web.servlet.DispatcherServlet","thread_name":"http-nio-8098-exec-1","level":"INFO","message":"Completed initialization in 0 ms"}
{"timestamp":"2025-05-26 13:02:21","logger_name":"com.example.timesheet.TimesheetApplication","thread_name":"restartedMain","level":"INFO","message":"Starting TimesheetApplication using Java 17.0.14 with PID 9728 (C:\\Users\\GauravShenoy\\Documents\\Timesheet\\build\\classes\\java\\main started by GauravShenoy in C:\\Users\\GauravShenoy\\Documents\\Timesheet)"}
{"timestamp":"2025-05-26 13:02:21","logger_name":"com.example.timesheet.TimesheetApplication","thread_name":"restartedMain","level":"INFO","message":"No active profile set, falling back to 1 default profile: \"default\""}
{"timestamp":"2025-05-26 13:02:21","logger_name":"org.springframework.boot.devtools.env.DevToolsPropertyDefaultsPostProcessor","thread_name":"restartedMain","level":"INFO","message":"Devtools property defaults active! Set 'spring.devtools.add-properties' to 'false' to disable"}
{"timestamp":"2025-05-26 13:02:21","logger_name":"org.springframework.boot.devtools.env.DevToolsPropertyDefaultsPostProcessor","thread_name":"restartedMain","level":"INFO","message":"For additional web related logging consider setting the 'logging.level.web' property to 'DEBUG'"}
{"timestamp":"2025-05-26 13:02:22","logger_name":"org.springframework.data.repository.config.RepositoryConfigurationDelegate","thread_name":"restartedMain","level":"INFO","message":"Bootstrapping Spring Data JPA repositories in DEFAULT mode."}
{"timestamp":"2025-05-26 13:02:22","logger_name":"org.springframework.data.repository.config.RepositoryConfigurationDelegate","thread_name":"restartedMain","level":"INFO","message":"Finished Spring Data repository scanning in 117 ms. Found 7 JPA repository interfaces."}
{"timestamp":"2025-05-26 13:02:22","logger_name":"org.springframework.cloud.context.scope.GenericScope","thread_name":"restartedMain","level":"INFO","message":"BeanFactory id=f0cb98b9-c664-389c-abc3-c7d5aa9dfeaa"}
{"timestamp":"2025-05-26 13:02:23","logger_name":"org.springframework.boot.web.embedded.tomcat.TomcatWebServer","thread_name":"restartedMain","level":"INFO","message":"Tomcat initialized with port 8098 (http)"}
{"timestamp":"2025-05-26 13:02:23","logger_name":"org.apache.coyote.http11.Http11NioProtocol","thread_name":"restartedMain","level":"INFO","message":"Initializing ProtocolHandler [\"http-nio-8098\"]"}
{"timestamp":"2025-05-26 13:02:23","logger_name":"org.apache.catalina.core.StandardService","thread_name":"restartedMain","level":"INFO","message":"Starting service [Tomcat]"}
{"timestamp":"2025-05-26 13:02:23","logger_name":"org.apache.catalina.core.StandardEngine","thread_name":"restartedMain","level":"INFO","message":"Starting Servlet engine: [Apache Tomcat/10.1.39]"}
{"timestamp":"2025-05-26 13:02:24","logger_name":"org.apache.catalina.core.ContainerBase.[Tomcat].[localhost].[/]","thread_name":"restartedMain","level":"INFO","message":"Initializing Spring embedded WebApplicationContext"}
{"timestamp":"2025-05-26 13:02:24","logger_name":"org.springframework.boot.web.servlet.context.ServletWebServerApplicationContext","thread_name":"restartedMain","level":"INFO","message":"Root WebApplicationContext: initialization completed in 2740 ms"}
{"timestamp":"2025-05-26 13:02:24","logger_name":"org.springframework.orm.jpa.persistenceunit.SpringPersistenceUnitInfo","thread_name":"restartedMain","level":"INFO","message":"No LoadTimeWeaver setup: ignoring JPA class transformer"}
{"timestamp":"2025-05-26 13:02:24","logger_name":"com.zaxxer.hikari.HikariDataSource","thread_name":"restartedMain","level":"INFO","message":"HikariPool-1 - Starting..."}
{"timestamp":"2025-05-26 13:02:25","logger_name":"com.zaxxer.hikari.pool.HikariPool","thread_name":"restartedMain","level":"INFO","message":"HikariPool-1 - Added connection org.postgresql.jdbc.PgConnection@12f2d5c1"}
{"timestamp":"2025-05-26 13:02:25","logger_name":"com.zaxxer.hikari.HikariDataSource","thread_name":"restartedMain","level":"INFO","message":"HikariPool-1 - Start completed."}
{"timestamp":"2025-05-26 13:02:26","logger_name":"org.springframework.orm.jpa.LocalContainerEntityManagerFactoryBean","thread_name":"restartedMain","level":"INFO","message":"Initialized JPA EntityManagerFactory for persistence unit 'default'"}
{"timestamp":"2025-05-26 13:02:28","logger_name":"org.springframework.boot.devtools.autoconfigure.OptionalLiveReloadServer","thread_name":"restartedMain","level":"INFO","message":"LiveReload server is running on port 35729"}
{"timestamp":"2025-05-26 13:02:28","logger_name":"org.springframework.data.jpa.repository.query.QueryEnhancerFactory","thread_name":"restartedMain","level":"INFO","message":"Hibernate is in classpath; If applicable, HQL parser will be used."}
{"timestamp":"2025-05-26 13:02:34","logger_name":"org.apache.coyote.http11.Http11NioProtocol","thread_name":"restartedMain","level":"INFO","message":"Starting ProtocolHandler [\"http-nio-8098\"]"}
{"timestamp":"2025-05-26 13:02:34","logger_name":"org.springframework.boot.web.embedded.tomcat.TomcatWebServer","thread_name":"restartedMain","level":"INFO","message":"Tomcat started on port 8098 (http) with context path '/'"}
{"timestamp":"2025-05-26 13:02:34","logger_name":"com.example.timesheet.TimesheetApplication","thread_name":"restartedMain","level":"INFO","message":"Started TimesheetApplication in 14.429 seconds (process running for 14.897)"}
{"timestamp":"2025-05-26 13:06:00","logger_name":"com.example.timesheet.scheduler.TimesheetReminder","thread_name":"scheduling-1","level":"INFO","message":"Running weekly timesheet reminder job..."}
{"timestamp":"2025-05-26 13:06:01","logger_name":"com.example.timesheet.scheduler.TimesheetReminder","thread_name":"scheduling-1","level":"INFO","message":"Reminder email sent to Manjunath@example.com"}
{"timestamp":"2025-05-26 13:06:01","logger_name":"com.example.timesheet.scheduler.TimesheetReminder","thread_name":"scheduling-1","level":"INFO","message":"Reminder email sent to HasanRaza@example.com"}
{"timestamp":"2025-05-26 13:06:01","logger_name":"com.example.timesheet.scheduler.TimesheetReminder","thread_name":"scheduling-1","level":"INFO","message":"Reminder email sent to sanjana@example.com"}
{"timestamp":"2025-05-26 13:06:01","logger_name":"com.example.timesheet.scheduler.TimesheetReminder","thread_name":"scheduling-1","level":"INFO","message":"Reminder email sent to Tarun@example.com"}
{"timestamp":"2025-05-26 13:06:01","logger_name":"com.example.timesheet.scheduler.TimesheetReminder","thread_name":"scheduling-1","level":"INFO","message":"Reminder email sent to sahana@example.com"}
{"timestamp":"2025-05-26 13:06:01","logger_name":"com.example.timesheet.scheduler.TimesheetReminder","thread_name":"scheduling-1","level":"INFO","message":"Reminder email sent to pavan@example.com"}
{"timestamp":"2025-05-26 13:06:01","logger_name":"com.example.timesheet.scheduler.TimesheetReminder","thread_name":"scheduling-1","level":"INFO","message":"Reminder email sent to test@example.com"}
{"timestamp":"2025-05-26 13:06:01","logger_name":"com.example.timesheet.scheduler.TimesheetReminder","thread_name":"scheduling-1","level":"INFO","message":"Reminder email sent to Manishkumar@example.com"}
{"timestamp":"2025-05-26 13:28:09","logger_name":"com.example.timesheet.TimesheetApplication","thread_name":"restartedMain","level":"INFO","message":"Starting TimesheetApplication using Java 17.0.14 with PID 6964 (C:\\Users\\GauravShenoy\\Documents\\Timesheet\\build\\classes\\java\\main started by GauravShenoy in C:\\Users\\GauravShenoy\\Documents\\Timesheet)"}
{"timestamp":"2025-05-26 13:28:09","logger_name":"com.example.timesheet.TimesheetApplication","thread_name":"restartedMain","level":"INFO","message":"No active profile set, falling back to 1 default profile: \"default\""}
{"timestamp":"2025-05-26 13:28:09","logger_name":"org.springframework.boot.devtools.env.DevToolsPropertyDefaultsPostProcessor","thread_name":"restartedMain","level":"INFO","message":"Devtools property defaults active! Set 'spring.devtools.add-properties' to 'false' to disable"}
{"timestamp":"2025-05-26 13:28:09","logger_name":"org.springframework.boot.devtools.env.DevToolsPropertyDefaultsPostProcessor","thread_name":"restartedMain","level":"INFO","message":"For additional web related logging consider setting the 'logging.level.web' property to 'DEBUG'"}
{"timestamp":"2025-05-26 13:28:13","logger_name":"org.springframework.data.repository.config.RepositoryConfigurationDelegate","thread_name":"restartedMain","level":"INFO","message":"Bootstrapping Spring Data JPA repositories in DEFAULT mode."}
{"timestamp":"2025-05-26 13:28:13","logger_name":"org.springframework.data.repository.config.RepositoryConfigurationDelegate","thread_name":"restartedMain","level":"INFO","message":"Finished Spring Data repository scanning in 116 ms. Found 7 JPA repository interfaces."}
{"timestamp":"2025-05-26 13:28:13","logger_name":"org.springframework.cloud.context.scope.GenericScope","thread_name":"restartedMain","level":"INFO","message":"BeanFactory id=f0cb98b9-c664-389c-abc3-c7d5aa9dfeaa"}
{"timestamp":"2025-05-26 13:28:14","logger_name":"org.springframework.boot.web.embedded.tomcat.TomcatWebServer","thread_name":"restartedMain","level":"INFO","message":"Tomcat initialized with port 8098 (http)"}
{"timestamp":"2025-05-26 13:28:14","logger_name":"org.apache.coyote.http11.Http11NioProtocol","thread_name":"restartedMain","level":"INFO","message":"Initializing ProtocolHandler [\"http-nio-8098\"]"}
{"timestamp":"2025-05-26 13:28:14","logger_name":"org.apache.catalina.core.StandardService","thread_name":"restartedMain","level":"INFO","message":"Starting service [Tomcat]"}
{"timestamp":"2025-05-26 13:28:14","logger_name":"org.apache.catalina.core.StandardEngine","thread_name":"restartedMain","level":"INFO","message":"Starting Servlet engine: [Apache Tomcat/10.1.39]"}
{"timestamp":"2025-05-26 13:28:14","logger_name":"org.apache.catalina.core.ContainerBase.[Tomcat].[localhost].[/]","thread_name":"restartedMain","level":"INFO","message":"Initializing Spring embedded WebApplicationContext"}
{"timestamp":"2025-05-26 13:28:14","logger_name":"org.springframework.boot.web.servlet.context.ServletWebServerApplicationContext","thread_name":"restartedMain","level":"INFO","message":"Root WebApplicationContext: initialization completed in 4765 ms"}
{"timestamp":"2025-05-26 13:28:15","logger_name":"org.springframework.orm.jpa.persistenceunit.SpringPersistenceUnitInfo","thread_name":"restartedMain","level":"INFO","message":"No LoadTimeWeaver setup: ignoring JPA class transformer"}
{"timestamp":"2025-05-26 13:28:15","logger_name":"com.zaxxer.hikari.HikariDataSource","thread_name":"restartedMain","level":"INFO","message":"HikariPool-1 - Starting..."}
{"timestamp":"2025-05-26 13:28:15","logger_name":"com.zaxxer.hikari.pool.HikariPool","thread_name":"restartedMain","level":"INFO","message":"HikariPool-1 - Added connection org.postgresql.jdbc.PgConnection@78ba7186"}
{"timestamp":"2025-05-26 13:28:15","logger_name":"com.zaxxer.hikari.HikariDataSource","thread_name":"restartedMain","level":"INFO","message":"HikariPool-1 - Start completed."}
{"timestamp":"2025-05-26 13:28:18","logger_name":"org.springframework.orm.jpa.LocalContainerEntityManagerFactoryBean","thread_name":"restartedMain","level":"INFO","message":"Initialized JPA EntityManagerFactory for persistence unit 'default'"}
{"timestamp":"2025-05-26 13:28:19","logger_name":"org.springframework.boot.devtools.autoconfigure.OptionalLiveReloadServer","thread_name":"restartedMain","level":"INFO","message":"LiveReload server is running on port 35729"}
{"timestamp":"2025-05-26 13:28:19","logger_name":"org.springframework.data.jpa.repository.query.QueryEnhancerFactory","thread_name":"restartedMain","level":"INFO","message":"Hibernate is in classpath; If applicable, HQL parser will be used."}
{"timestamp":"2025-05-26 13:28:21","logger_name":"org.apache.coyote.http11.Http11NioProtocol","thread_name":"restartedMain","level":"INFO","message":"Starting ProtocolHandler [\"http-nio-8098\"]"}
{"timestamp":"2025-05-26 13:28:21","logger_name":"org.springframework.boot.web.embedded.tomcat.TomcatWebServer","thread_name":"restartedMain","level":"INFO","message":"Tomcat started on port 8098 (http) with context path '/'"}
{"timestamp":"2025-05-26 13:28:22","logger_name":"com.example.timesheet.TimesheetApplication","thread_name":"restartedMain","level":"INFO","message":"Started TimesheetApplication in 13.191 seconds (process running for 13.734)"}
{"timestamp":"2025-05-26 13:28:55","logger_name":"org.springframework.boot.devtools.autoconfigure.LocalDevToolsAutoConfiguration$RestartingClassPathChangeChangedEventListener","thread_name":"File Watcher","level":"INFO","message":"Restarting due to 136 class path changes (0 additions, 136 deletions, 0 modifications)"}
{"timestamp":"2025-05-26 13:28:55","logger_name":"org.springframework.boot.web.embedded.tomcat.GracefulShutdown","thread_name":"Thread-5","level":"INFO","message":"Commencing graceful shutdown. Waiting for active requests to complete"}
{"timestamp":"2025-05-26 13:28:55","logger_name":"org.apache.coyote.http11.Http11NioProtocol","thread_name":"tomcat-shutdown","level":"INFO","message":"Pausing ProtocolHandler [\"http-nio-8098\"]"}
{"timestamp":"2025-05-26 13:28:55","logger_name":"org.springframework.boot.web.embedded.tomcat.GracefulShutdown","thread_name":"tomcat-shutdown","level":"INFO","message":"Graceful shutdown complete"}
{"timestamp":"2025-05-26 13:28:55","logger_name":"org.apache.coyote.http11.Http11NioProtocol","thread_name":"Thread-5","level":"INFO","message":"Stopping ProtocolHandler [\"http-nio-8098\"]"}
{"timestamp":"2025-05-26 13:28:55","logger_name":"org.springframework.orm.jpa.LocalContainerEntityManagerFactoryBean","thread_name":"Thread-5","level":"INFO","message":"Closing JPA EntityManagerFactory for persistence unit 'default'"}
{"timestamp":"2025-05-26 13:28:55","logger_name":"com.zaxxer.hikari.HikariDataSource","thread_name":"Thread-5","level":"INFO","message":"HikariPool-1 - Shutdown initiated..."}
{"timestamp":"2025-05-26 13:28:55","logger_name":"com.zaxxer.hikari.HikariDataSource","thread_name":"Thread-5","level":"INFO","message":"HikariPool-1 - Shutdown completed."}
{"timestamp":"2025-05-26 13:29:45","logger_name":"com.example.timesheet.TimesheetApplication","thread_name":"restartedMain","level":"INFO","message":"Starting TimesheetApplication using Java 17.0.14 with PID 19920 (C:\\Users\\GauravShenoy\\Documents\\Timesheet\\build\\classes\\java\\main started by GauravShenoy in C:\\Users\\GauravShenoy\\Documents\\Timesheet)"}
{"timestamp":"2025-05-26 13:29:45","logger_name":"com.example.timesheet.TimesheetApplication","thread_name":"restartedMain","level":"INFO","message":"No active profile set, falling back to 1 default profile: \"default\""}
{"timestamp":"2025-05-26 13:29:45","logger_name":"org.springframework.boot.devtools.env.DevToolsPropertyDefaultsPostProcessor","thread_name":"restartedMain","level":"INFO","message":"Devtools property defaults active! Set 'spring.devtools.add-properties' to 'false' to disable"}
{"timestamp":"2025-05-26 13:29:45","logger_name":"org.springframework.boot.devtools.env.DevToolsPropertyDefaultsPostProcessor","thread_name":"restartedMain","level":"INFO","message":"For additional web related logging consider setting the 'logging.level.web' property to 'DEBUG'"}
{"timestamp":"2025-05-26 13:29:47","logger_name":"org.springframework.data.repository.config.RepositoryConfigurationDelegate","thread_name":"restartedMain","level":"INFO","message":"Bootstrapping Spring Data JPA repositories in DEFAULT mode."}
{"timestamp":"2025-05-26 13:29:47","logger_name":"org.springframework.data.repository.config.RepositoryConfigurationDelegate","thread_name":"restartedMain","level":"INFO","message":"Finished Spring Data repository scanning in 95 ms. Found 7 JPA repository interfaces."}
{"timestamp":"2025-05-26 13:29:47","logger_name":"org.springframework.cloud.context.scope.GenericScope","thread_name":"restartedMain","level":"INFO","message":"BeanFactory id=f0cb98b9-c664-389c-abc3-c7d5aa9dfeaa"}
{"timestamp":"2025-05-26 13:29:48","logger_name":"org.springframework.boot.web.embedded.tomcat.TomcatWebServer","thread_name":"restartedMain","level":"INFO","message":"Tomcat initialized with port 8098 (http)"}
{"timestamp":"2025-05-26 13:29:48","logger_name":"org.apache.coyote.http11.Http11NioProtocol","thread_name":"restartedMain","level":"INFO","message":"Initializing ProtocolHandler [\"http-nio-8098\"]"}
{"timestamp":"2025-05-26 13:29:48","logger_name":"org.apache.catalina.core.StandardService","thread_name":"restartedMain","level":"INFO","message":"Starting service [Tomcat]"}
{"timestamp":"2025-05-26 13:29:48","logger_name":"org.apache.catalina.core.StandardEngine","thread_name":"restartedMain","level":"INFO","message":"Starting Servlet engine: [Apache Tomcat/10.1.39]"}
{"timestamp":"2025-05-26 13:29:48","logger_name":"org.apache.catalina.core.ContainerBase.[Tomcat].[localhost].[/]","thread_name":"restartedMain","level":"INFO","message":"Initializing Spring embedded WebApplicationContext"}
{"timestamp":"2025-05-26 13:29:48","logger_name":"org.springframework.boot.web.servlet.context.ServletWebServerApplicationContext","thread_name":"restartedMain","level":"INFO","message":"Root WebApplicationContext: initialization completed in 2692 ms"}
{"timestamp":"2025-05-26 13:29:49","logger_name":"org.springframework.orm.jpa.persistenceunit.SpringPersistenceUnitInfo","thread_name":"restartedMain","level":"INFO","message":"No LoadTimeWeaver setup: ignoring JPA class transformer"}
{"timestamp":"2025-05-26 13:29:49","logger_name":"com.zaxxer.hikari.HikariDataSource","thread_name":"restartedMain","level":"INFO","message":"HikariPool-1 - Starting..."}
{"timestamp":"2025-05-26 13:29:49","logger_name":"com.zaxxer.hikari.pool.HikariPool","thread_name":"restartedMain","level":"INFO","message":"HikariPool-1 - Added connection org.postgresql.jdbc.PgConnection@78d13447"}
{"timestamp":"2025-05-26 13:29:49","logger_name":"com.zaxxer.hikari.HikariDataSource","thread_name":"restartedMain","level":"INFO","message":"HikariPool-1 - Start completed."}
{"timestamp":"2025-05-26 13:29:52","logger_name":"org.springframework.orm.jpa.LocalContainerEntityManagerFactoryBean","thread_name":"restartedMain","level":"INFO","message":"Initialized JPA EntityManagerFactory for persistence unit 'default'"}
{"timestamp":"2025-05-26 13:29:53","logger_name":"org.springframework.boot.devtools.autoconfigure.OptionalLiveReloadServer","thread_name":"restartedMain","level":"INFO","message":"LiveReload server is running on port 35729"}
{"timestamp":"2025-05-26 13:29:53","logger_name":"org.springframework.data.jpa.repository.query.QueryEnhancerFactory","thread_name":"restartedMain","level":"INFO","message":"Hibernate is in classpath; If applicable, HQL parser will be used."}
{"timestamp":"2025-05-26 13:29:55","logger_name":"org.apache.coyote.http11.Http11NioProtocol","thread_name":"restartedMain","level":"INFO","message":"Starting ProtocolHandler [\"http-nio-8098\"]"}
{"timestamp":"2025-05-26 13:29:55","logger_name":"org.springframework.boot.web.embedded.tomcat.TomcatWebServer","thread_name":"restartedMain","level":"INFO","message":"Tomcat started on port 8098 (http) with context path '/'"}
{"timestamp":"2025-05-26 13:29:56","logger_name":"com.example.timesheet.TimesheetApplication","thread_name":"restartedMain","level":"INFO","message":"Started TimesheetApplication in 11.235 seconds (process running for 13.72)"}
{"timestamp":"2025-05-26 13:31:24","logger_name":"com.example.timesheet.TimesheetApplicationTests","thread_name":"Test worker","level":"INFO","message":"Starting TimesheetApplicationTests using Java 17.0.14 with PID 23784 (started by GauravShenoy in C:\\Users\\GauravShenoy\\Documents\\Timesheet)"}
{"timestamp":"2025-05-26 13:31:24","logger_name":"com.example.timesheet.TimesheetApplicationTests","thread_name":"Test worker","level":"INFO","message":"No active profile set, falling back to 1 default profile: \"default\""}
{"timestamp":"2025-05-26 13:31:26","logger_name":"org.springframework.data.repository.config.RepositoryConfigurationDelegate","thread_name":"Test worker","level":"INFO","message":"Bootstrapping Spring Data JPA repositories in DEFAULT mode."}
{"timestamp":"2025-05-26 13:31:26","logger_name":"org.springframework.data.repository.config.RepositoryConfigurationDelegate","thread_name":"Test worker","level":"INFO","message":"Finished Spring Data repository scanning in 119 ms. Found 7 JPA repository interfaces."}
{"timestamp":"2025-05-26 13:31:26","logger_name":"org.springframework.cloud.context.scope.GenericScope","thread_name":"Test worker","level":"INFO","message":"BeanFactory id=5f2868a4-288d-348a-a575-a7a8e866d441"}
{"timestamp":"2025-05-26 13:31:28","logger_name":"org.springframework.orm.jpa.persistenceunit.SpringPersistenceUnitInfo","thread_name":"Test worker","level":"INFO","message":"No LoadTimeWeaver setup: ignoring JPA class transformer"}
{"timestamp":"2025-05-26 13:31:28","logger_name":"com.zaxxer.hikari.HikariDataSource","thread_name":"Test worker","level":"INFO","message":"HikariPool-1 - Starting..."}
{"timestamp":"2025-05-26 13:31:28","logger_name":"com.zaxxer.hikari.pool.HikariPool","thread_name":"Test worker","level":"INFO","message":"HikariPool-1 - Added connection org.postgresql.jdbc.PgConnection@3ee7e2bd"}
{"timestamp":"2025-05-26 13:31:28","logger_name":"com.zaxxer.hikari.HikariDataSource","thread_name":"Test worker","level":"INFO","message":"HikariPool-1 - Start completed."}
{"timestamp":"2025-05-26 13:31:30","logger_name":"org.springframework.orm.jpa.LocalContainerEntityManagerFactoryBean","thread_name":"Test worker","level":"INFO","message":"Initialized JPA EntityManagerFactory for persistence unit 'default'"}
{"timestamp":"2025-05-26 13:31:32","logger_name":"org.springframework.data.jpa.repository.query.QueryEnhancerFactory","thread_name":"Test worker","level":"INFO","message":"Hibernate is in classpath; If applicable, HQL parser will be used."}
{"timestamp":"2025-05-26 13:31:35","logger_name":"com.example.timesheet.TimesheetApplicationTests","thread_name":"Test worker","level":"INFO","message":"Started TimesheetApplicationTests in 12.507 seconds (process running for 16.648)"}
{"timestamp":"2025-05-26 13:31:36","logger_name":"org.springframework.orm.jpa.LocalContainerEntityManagerFactoryBean","thread_name":"SpringApplicationShutdownHook","level":"INFO","message":"Closing JPA EntityManagerFactory for persistence unit 'default'"}
{"timestamp":"2025-05-26 13:31:36","logger_name":"com.zaxxer.hikari.HikariDataSource","thread_name":"SpringApplicationShutdownHook","level":"INFO","message":"HikariPool-1 - Shutdown initiated..."}
{"timestamp":"2025-05-26 13:31:36","logger_name":"com.zaxxer.hikari.HikariDataSource","thread_name":"SpringApplicationShutdownHook","level":"INFO","message":"HikariPool-1 - Shutdown completed."}
{"timestamp":"2025-05-26 13:32:47","logger_name":"com.example.timesheet.TimesheetApplicationTests","thread_name":"Test worker","level":"INFO","message":"Starting TimesheetApplicationTests using Java 17.0.14 with PID 16124 (started by GauravShenoy in C:\\Users\\GauravShenoy\\Documents\\Timesheet)"}
{"timestamp":"2025-05-26 13:32:47","logger_name":"com.example.timesheet.TimesheetApplicationTests","thread_name":"Test worker","level":"INFO","message":"No active profile set, falling back to 1 default profile: \"default\""}
{"timestamp":"2025-05-26 13:32:50","logger_name":"org.springframework.data.repository.config.RepositoryConfigurationDelegate","thread_name":"Test worker","level":"INFO","message":"Bootstrapping Spring Data JPA repositories in DEFAULT mode."}
{"timestamp":"2025-05-26 13:32:51","logger_name":"org.springframework.data.repository.config.RepositoryConfigurationDelegate","thread_name":"Test worker","level":"INFO","message":"Finished Spring Data repository scanning in 224 ms. Found 7 JPA repository interfaces."}
{"timestamp":"2025-05-26 13:32:52","logger_name":"org.springframework.cloud.context.scope.GenericScope","thread_name":"Test worker","level":"INFO","message":"BeanFactory id=5f2868a4-288d-348a-a575-a7a8e866d441"}
{"timestamp":"2025-05-26 13:32:57","logger_name":"org.springframework.orm.jpa.persistenceunit.SpringPersistenceUnitInfo","thread_name":"Test worker","level":"INFO","message":"No LoadTimeWeaver setup: ignoring JPA class transformer"}
{"timestamp":"2025-05-26 13:32:58","logger_name":"com.zaxxer.hikari.HikariDataSource","thread_name":"Test worker","level":"INFO","message":"HikariPool-1 - Starting..."}
{"timestamp":"2025-05-26 13:32:59","logger_name":"com.zaxxer.hikari.pool.HikariPool","thread_name":"Test worker","level":"INFO","message":"HikariPool-1 - Added connection org.postgresql.jdbc.PgConnection@47531db1"}
{"timestamp":"2025-05-26 13:32:59","logger_name":"com.zaxxer.hikari.HikariDataSource","thread_name":"Test worker","level":"INFO","message":"HikariPool-1 - Start completed."}
{"timestamp":"2025-05-26 13:33:04","logger_name":"org.springframework.orm.jpa.LocalContainerEntityManagerFactoryBean","thread_name":"Test worker","level":"INFO","message":"Initialized JPA EntityManagerFactory for persistence unit 'default'"}
{"timestamp":"2025-05-26 13:33:06","logger_name":"org.springframework.data.jpa.repository.query.QueryEnhancerFactory","thread_name":"Test worker","level":"INFO","message":"Hibernate is in classpath; If applicable, HQL parser will be used."}
{"timestamp":"2025-05-26 13:33:28","logger_name":"com.example.timesheet.TimesheetApplicationTests","thread_name":"Test worker","level":"INFO","message":"Starting TimesheetApplicationTests using Java 17.0.14 with PID 19080 (started by GauravShenoy in C:\\Users\\GauravShenoy\\Documents\\Timesheet)"}
{"timestamp":"2025-05-26 13:33:28","logger_name":"com.example.timesheet.TimesheetApplicationTests","thread_name":"Test worker","level":"INFO","message":"No active profile set, falling back to 1 default profile: \"default\""}
{"timestamp":"2025-05-26 13:33:31","logger_name":"org.springframework.data.repository.config.RepositoryConfigurationDelegate","thread_name":"Test worker","level":"INFO","message":"Bootstrapping Spring Data JPA repositories in DEFAULT mode."}
{"timestamp":"2025-05-26 13:33:31","logger_name":"org.springframework.data.repository.config.RepositoryConfigurationDelegate","thread_name":"Test worker","level":"INFO","message":"Finished Spring Data repository scanning in 176 ms. Found 7 JPA repository interfaces."}
{"timestamp":"2025-05-26 13:33:32","logger_name":"org.springframework.cloud.context.scope.GenericScope","thread_name":"Test worker","level":"INFO","message":"BeanFactory id=5f2868a4-288d-348a-a575-a7a8e866d441"}
{"timestamp":"2025-05-26 13:33:34","logger_name":"org.springframework.orm.jpa.persistenceunit.SpringPersistenceUnitInfo","thread_name":"Test worker","level":"INFO","message":"No LoadTimeWeaver setup: ignoring JPA class transformer"}
{"timestamp":"2025-05-26 13:33:34","logger_name":"com.zaxxer.hikari.HikariDataSource","thread_name":"Test worker","level":"INFO","message":"HikariPool-1 - Starting..."}
{"timestamp":"2025-05-26 13:33:34","logger_name":"com.zaxxer.hikari.pool.HikariPool","thread_name":"Test worker","level":"INFO","message":"HikariPool-1 - Added connection org.postgresql.jdbc.PgConnection@2bc0b7dd"}
{"timestamp":"2025-05-26 13:33:34","logger_name":"com.zaxxer.hikari.HikariDataSource","thread_name":"Test worker","level":"INFO","message":"HikariPool-1 - Start completed."}
{"timestamp":"2025-05-26 13:33:38","logger_name":"org.springframework.orm.jpa.LocalContainerEntityManagerFactoryBean","thread_name":"Test worker","level":"INFO","message":"Initialized JPA EntityManagerFactory for persistence unit 'default'"}
{"timestamp":"2025-05-26 13:33:39","logger_name":"org.springframework.data.jpa.repository.query.QueryEnhancerFactory","thread_name":"Test worker","level":"INFO","message":"Hibernate is in classpath; If applicable, HQL parser will be used."}
{"timestamp":"2025-05-26 13:33:44","logger_name":"com.example.timesheet.TimesheetApplicationTests","thread_name":"Test worker","level":"INFO","message":"Started TimesheetApplicationTests in 22.939 seconds (process running for 31.473)"}
{"timestamp":"2025-05-26 13:33:45","logger_name":"org.springframework.orm.jpa.LocalContainerEntityManagerFactoryBean","thread_name":"SpringApplicationShutdownHook","level":"INFO","message":"Closing JPA EntityManagerFactory for persistence unit 'default'"}
{"timestamp":"2025-05-26 13:33:45","logger_name":"com.zaxxer.hikari.HikariDataSource","thread_name":"SpringApplicationShutdownHook","level":"INFO","message":"HikariPool-1 - Shutdown initiated..."}
{"timestamp":"2025-05-26 13:33:45","logger_name":"com.zaxxer.hikari.HikariDataSource","thread_name":"SpringApplicationShutdownHook","level":"INFO","message":"HikariPool-1 - Shutdown completed."}
{"timestamp":"2025-05-26 14:15:05","logger_name":"org.apache.catalina.core.ContainerBase.[Tomcat].[localhost].[/]","thread_name":"http-nio-8098-exec-1","level":"INFO","message":"Initializing Spring DispatcherServlet 'dispatcherServlet'"}
{"timestamp":"2025-05-26 14:15:05","logger_name":"org.springframework.web.servlet.DispatcherServlet","thread_name":"http-nio-8098-exec-1","level":"INFO","message":"Initializing Servlet 'dispatcherServlet'"}
{"timestamp":"2025-05-26 14:15:05","logger_name":"org.springframework.web.servlet.DispatcherServlet","thread_name":"http-nio-8098-exec-1","level":"INFO","message":"Completed initialization in 26 ms"}
