{"timestamp":"2025-05-25 09:30:34","logger_name":"com.example.timesheet.TimesheetApplicationTests","thread_name":"Test worker","level":"INFO","message":"Starting TimesheetApplicationTests using Java 17.0.14 with PID 14960 (started by GauravShenoy in C:\\Users\\GauravShenoy\\Documents\\Training\\TimesheetBK\\Timesheet)"}
{"timestamp":"2025-05-25 09:30:34","logger_name":"com.example.timesheet.TimesheetApplicationTests","thread_name":"Test worker","level":"INFO","message":"No active profile set, falling back to 1 default profile: \"default\""}
{"timestamp":"2025-05-25 09:30:37","logger_name":"org.springframework.data.repository.config.RepositoryConfigurationDelegate","thread_name":"Test worker","level":"INFO","message":"Bootstrapping Spring Data JPA repositories in DEFAULT mode."}
{"timestamp":"2025-05-25 09:30:38","logger_name":"org.springframework.data.repository.config.RepositoryConfigurationDelegate","thread_name":"Test worker","level":"INFO","message":"Finished Spring Data repository scanning in 264 ms. Found 7 JPA repository interfaces."}
{"timestamp":"2025-05-25 09:30:39","logger_name":"org.springframework.cloud.context.scope.GenericScope","thread_name":"Test worker","level":"INFO","message":"BeanFactory id=6156a508-8479-3cd9-b580-d6859b49749f"}
{"timestamp":"2025-05-25 09:30:41","logger_name":"org.springframework.orm.jpa.persistenceunit.SpringPersistenceUnitInfo","thread_name":"Test worker","level":"INFO","message":"No LoadTimeWeaver setup: ignoring JPA class transformer"}
{"timestamp":"2025-05-25 09:30:41","logger_name":"com.zaxxer.hikari.HikariDataSource","thread_name":"Test worker","level":"INFO","message":"HikariPool-1 - Starting..."}
{"timestamp":"2025-05-25 09:30:42","logger_name":"com.zaxxer.hikari.pool.HikariPool","thread_name":"Test worker","level":"INFO","message":"HikariPool-1 - Added connection org.postgresql.jdbc.PgConnection@68fbb22"}
{"timestamp":"2025-05-25 09:30:42","logger_name":"com.zaxxer.hikari.HikariDataSource","thread_name":"Test worker","level":"INFO","message":"HikariPool-1 - Start completed."}
{"timestamp":"2025-05-25 09:30:45","logger_name":"org.springframework.orm.jpa.LocalContainerEntityManagerFactoryBean","thread_name":"Test worker","level":"INFO","message":"Initialized JPA EntityManagerFactory for persistence unit 'default'"}
{"timestamp":"2025-05-25 09:30:46","logger_name":"org.springframework.data.jpa.repository.query.QueryEnhancerFactory","thread_name":"Test worker","level":"INFO","message":"Hibernate is in classpath; If applicable, HQL parser will be used."}
{"timestamp":"2025-05-25 09:30:51","logger_name":"com.example.timesheet.TimesheetApplicationTests","thread_name":"Test worker","level":"INFO","message":"Started TimesheetApplicationTests in 20.192 seconds (process running for 28.173)"}
{"timestamp":"2025-05-25 09:30:51","logger_name":"org.springframework.orm.jpa.LocalContainerEntityManagerFactoryBean","thread_name":"SpringApplicationShutdownHook","level":"INFO","message":"Closing JPA EntityManagerFactory for persistence unit 'default'"}
{"timestamp":"2025-05-25 09:30:51","logger_name":"com.zaxxer.hikari.HikariDataSource","thread_name":"SpringApplicationShutdownHook","level":"INFO","message":"HikariPool-1 - Shutdown initiated..."}
{"timestamp":"2025-05-25 09:30:51","logger_name":"com.zaxxer.hikari.HikariDataSource","thread_name":"SpringApplicationShutdownHook","level":"INFO","message":"HikariPool-1 - Shutdown completed."}
{"timestamp":"2025-05-25 09:56:27","logger_name":"com.example.timesheet.TimesheetApplicationTests","thread_name":"Test worker","level":"INFO","message":"Starting TimesheetApplicationTests using Java 17.0.14 with PID 11548 (started by GauravShenoy in C:\\Users\\GauravShenoy\\Documents\\Training\\TimesheetBK\\Timesheet)"}
{"timestamp":"2025-05-25 09:56:27","logger_name":"com.example.timesheet.TimesheetApplicationTests","thread_name":"Test worker","level":"INFO","message":"No active profile set, falling back to 1 default profile: \"default\""}
{"timestamp":"2025-05-25 09:56:30","logger_name":"org.springframework.data.repository.config.RepositoryConfigurationDelegate","thread_name":"Test worker","level":"INFO","message":"Bootstrapping Spring Data JPA repositories in DEFAULT mode."}
{"timestamp":"2025-05-25 09:56:30","logger_name":"org.springframework.data.repository.config.RepositoryConfigurationDelegate","thread_name":"Test worker","level":"INFO","message":"Finished Spring Data repository scanning in 95 ms. Found 7 JPA repository interfaces."}
{"timestamp":"2025-05-25 09:56:31","logger_name":"org.springframework.cloud.context.scope.GenericScope","thread_name":"Test worker","level":"INFO","message":"BeanFactory id=6156a508-8479-3cd9-b580-d6859b49749f"}
{"timestamp":"2025-05-25 09:56:32","logger_name":"org.springframework.orm.jpa.persistenceunit.SpringPersistenceUnitInfo","thread_name":"Test worker","level":"INFO","message":"No LoadTimeWeaver setup: ignoring JPA class transformer"}
{"timestamp":"2025-05-25 09:56:32","logger_name":"com.zaxxer.hikari.HikariDataSource","thread_name":"Test worker","level":"INFO","message":"HikariPool-1 - Starting..."}
{"timestamp":"2025-05-25 09:56:33","logger_name":"com.zaxxer.hikari.pool.HikariPool","thread_name":"Test worker","level":"INFO","message":"HikariPool-1 - Added connection org.postgresql.jdbc.PgConnection@219025cb"}
{"timestamp":"2025-05-25 09:56:33","logger_name":"com.zaxxer.hikari.HikariDataSource","thread_name":"Test worker","level":"INFO","message":"HikariPool-1 - Start completed."}
{"timestamp":"2025-05-25 09:56:36","logger_name":"org.springframework.orm.jpa.LocalContainerEntityManagerFactoryBean","thread_name":"Test worker","level":"INFO","message":"Initialized JPA EntityManagerFactory for persistence unit 'default'"}
{"timestamp":"2025-05-25 09:56:37","logger_name":"org.springframework.data.jpa.repository.query.QueryEnhancerFactory","thread_name":"Test worker","level":"INFO","message":"Hibernate is in classpath; If applicable, HQL parser will be used."}
{"timestamp":"2025-05-25 09:56:38","logger_name":"org.springframework.orm.jpa.LocalContainerEntityManagerFactoryBean","thread_name":"Test worker","level":"INFO","message":"Closing JPA EntityManagerFactory for persistence unit 'default'"}
{"timestamp":"2025-05-25 09:56:38","logger_name":"com.zaxxer.hikari.HikariDataSource","thread_name":"Test worker","level":"INFO","message":"HikariPool-1 - Shutdown initiated..."}
{"timestamp":"2025-05-25 09:56:38","logger_name":"com.zaxxer.hikari.HikariDataSource","thread_name":"Test worker","level":"INFO","message":"HikariPool-1 - Shutdown completed."}
{"timestamp":"2025-05-25 09:59:15","logger_name":"com.example.timesheet.TimesheetApplicationTests","thread_name":"Test worker","level":"INFO","message":"Starting TimesheetApplicationTests using Java 17.0.14 with PID 8872 (started by GauravShenoy in C:\\Users\\GauravShenoy\\Documents\\Training\\TimesheetBK\\Timesheet)"}
{"timestamp":"2025-05-25 09:59:15","logger_name":"com.example.timesheet.TimesheetApplicationTests","thread_name":"Test worker","level":"INFO","message":"No active profile set, falling back to 1 default profile: \"default\""}
{"timestamp":"2025-05-25 09:59:17","logger_name":"org.springframework.data.repository.config.RepositoryConfigurationDelegate","thread_name":"Test worker","level":"INFO","message":"Bootstrapping Spring Data JPA repositories in DEFAULT mode."}
{"timestamp":"2025-05-25 09:59:17","logger_name":"org.springframework.data.repository.config.RepositoryConfigurationDelegate","thread_name":"Test worker","level":"INFO","message":"Finished Spring Data repository scanning in 139 ms. Found 7 JPA repository interfaces."}
{"timestamp":"2025-05-25 09:59:18","logger_name":"org.springframework.cloud.context.scope.GenericScope","thread_name":"Test worker","level":"INFO","message":"BeanFactory id=6156a508-8479-3cd9-b580-d6859b49749f"}
{"timestamp":"2025-05-25 09:59:20","logger_name":"org.springframework.orm.jpa.persistenceunit.SpringPersistenceUnitInfo","thread_name":"Test worker","level":"INFO","message":"No LoadTimeWeaver setup: ignoring JPA class transformer"}
{"timestamp":"2025-05-25 09:59:20","logger_name":"com.zaxxer.hikari.HikariDataSource","thread_name":"Test worker","level":"INFO","message":"HikariPool-1 - Starting..."}
{"timestamp":"2025-05-25 09:59:20","logger_name":"com.zaxxer.hikari.pool.HikariPool","thread_name":"Test worker","level":"INFO","message":"HikariPool-1 - Added connection org.postgresql.jdbc.PgConnection@169b16dd"}
{"timestamp":"2025-05-25 09:59:20","logger_name":"com.zaxxer.hikari.HikariDataSource","thread_name":"Test worker","level":"INFO","message":"HikariPool-1 - Start completed."}
{"timestamp":"2025-05-25 09:59:22","logger_name":"org.springframework.orm.jpa.LocalContainerEntityManagerFactoryBean","thread_name":"Test worker","level":"INFO","message":"Initialized JPA EntityManagerFactory for persistence unit 'default'"}
{"timestamp":"2025-05-25 09:59:23","logger_name":"org.springframework.data.jpa.repository.query.QueryEnhancerFactory","thread_name":"Test worker","level":"INFO","message":"Hibernate is in classpath; If applicable, HQL parser will be used."}
{"timestamp":"2025-05-25 09:59:24","logger_name":"org.springframework.orm.jpa.LocalContainerEntityManagerFactoryBean","thread_name":"Test worker","level":"INFO","message":"Closing JPA EntityManagerFactory for persistence unit 'default'"}
{"timestamp":"2025-05-25 09:59:24","logger_name":"com.zaxxer.hikari.HikariDataSource","thread_name":"Test worker","level":"INFO","message":"HikariPool-1 - Shutdown initiated..."}
{"timestamp":"2025-05-25 09:59:24","logger_name":"com.zaxxer.hikari.HikariDataSource","thread_name":"Test worker","level":"INFO","message":"HikariPool-1 - Shutdown completed."}
